Determining if the pthread_create exist failed with the following output:
Change Dir: /home/dmitry/prototype-docker/ORB_SLAM2/build/CMakeFiles/CMakeTmp

Run Build Command:"/usr/bin/make" "cmTC_09812/fast"
/usr/bin/make -f CMakeFiles/cmTC_09812.dir/build.make CMakeFiles/cmTC_09812.dir/build
make[1]: вход в каталог «/home/dmitry/prototype-docker/ORB_SLAM2/build/CMakeFiles/CMakeTmp»
Building C object CMakeFiles/cmTC_09812.dir/CheckSymbolExists.c.o
/usr/bin/cc    -Wall  -O3 -march=native     -o CMakeFiles/cmTC_09812.dir/CheckSymbolExists.c.o   -c /home/dmitry/prototype-docker/ORB_SLAM2/build/CMakeFiles/CMakeTmp/CheckSymbolExists.c
Linking C executable cmTC_09812
/usr/bin/cmake -E cmake_link_script CMakeFiles/cmTC_09812.dir/link.txt --verbose=1
/usr/bin/cc    -Wall  -O3 -march=native      CMakeFiles/cmTC_09812.dir/CheckSymbolExists.c.o  -o cmTC_09812 -rdynamic 
CMakeFiles/cmTC_09812.dir/CheckSymbolExists.c.o: In function `main':
CheckSymbolExists.c:(.text.startup+0x6): undefined reference to `pthread_create'
collect2: error: ld returned 1 exit status
CMakeFiles/cmTC_09812.dir/build.make:97: ошибка выполнения рецепта для цели «cmTC_09812»
make[1]: *** [cmTC_09812] Ошибка 1
make[1]: выход из каталога «/home/dmitry/prototype-docker/ORB_SLAM2/build/CMakeFiles/CMakeTmp»
Makefile:126: ошибка выполнения рецепта для цели «cmTC_09812/fast»
make: *** [cmTC_09812/fast] Ошибка 2

File /home/dmitry/prototype-docker/ORB_SLAM2/build/CMakeFiles/CMakeTmp/CheckSymbolExists.c:
/* */
#include <pthread.h>

int main(int argc, char** argv)
{
  (void)argv;
#ifndef pthread_create
  return ((int*)(&pthread_create))[argc];
#else
  (void)argc;
  return 0;
#endif
}

Determining if the function pthread_create exists in the pthreads failed with the following output:
Change Dir: /home/dmitry/prototype-docker/ORB_SLAM2/build/CMakeFiles/CMakeTmp

Run Build Command:"/usr/bin/make" "cmTC_65307/fast"
/usr/bin/make -f CMakeFiles/cmTC_65307.dir/build.make CMakeFiles/cmTC_65307.dir/build
make[1]: вход в каталог «/home/dmitry/prototype-docker/ORB_SLAM2/build/CMakeFiles/CMakeTmp»
Building C object CMakeFiles/cmTC_65307.dir/CheckFunctionExists.c.o
/usr/bin/cc    -Wall  -O3 -march=native  -DCHECK_FUNCTION_EXISTS=pthread_create   -o CMakeFiles/cmTC_65307.dir/CheckFunctionExists.c.o   -c /usr/share/cmake-3.5/Modules/CheckFunctionExists.c
Linking C executable cmTC_65307
/usr/bin/cmake -E cmake_link_script CMakeFiles/cmTC_65307.dir/link.txt --verbose=1
/usr/bin/cc    -Wall  -O3 -march=native  -DCHECK_FUNCTION_EXISTS=pthread_create    CMakeFiles/cmTC_65307.dir/CheckFunctionExists.c.o  -o cmTC_65307 -rdynamic -lpthreads 
/usr/bin/ld: cannot find -lpthreads
collect2: error: ld returned 1 exit status
CMakeFiles/cmTC_65307.dir/build.make:97: ошибка выполнения рецепта для цели «cmTC_65307»
make[1]: *** [cmTC_65307] Ошибка 1
make[1]: выход из каталога «/home/dmitry/prototype-docker/ORB_SLAM2/build/CMakeFiles/CMakeTmp»
Makefile:126: ошибка выполнения рецепта для цели «cmTC_65307/fast»
make: *** [cmTC_65307/fast] Ошибка 2


